# JRE version: Java(TM) SE Runtime Environment (8.0_191-b12) (build 1.8.0_191-b12)
# Java VM: Java HotSpot(TM) 64-Bit Server VM (25.191-b12 mixed mode windows-amd64 compressed oops)
Heap:
 PSYoungGen      total 555008K, used 209624K [0x00000000d6100000, 0x00000000f9e80000, 0x0000000100000000)
  eden space 534016K, 35% used [0x00000000d6100000,0x00000000e1ac6408,0x00000000f6a80000)
  from space 20992K, 92% used [0x00000000f8a00000,0x00000000f9ceff18,0x00000000f9e80000)
  to   space 26624K, 0% used [0x00000000f6a80000,0x00000000f6a80000,0x00000000f8480000)
 ParOldGen       total 109056K, used 35637K [0x0000000082200000, 0x0000000088c80000, 0x00000000d6100000)
  object space 109056K, 32% used [0x0000000082200000,0x00000000844cd560,0x0000000088c80000)
 Metaspace       used 73224K, capacity 76614K, committed 76928K, reserved 1116160K
  class space    used 9693K, capacity 10295K, committed 10368K, reserved 1048576K
GC Heap History (10 events):
Event: 8.297 GC heap before
{Heap before GC invocations=13 (full 2):
 PSYoungGen      total 322560K, used 322221K [0x00000000d6100000, 0x00000000ebb80000, 0x0000000100000000)
  eden space 308224K, 100% used [0x00000000d6100000,0x00000000e8e00000,0x00000000e8e00000)
  from space 14336K, 97% used [0x00000000ead80000,0x00000000ebb2b7d0,0x00000000ebb80000)
  to   space 17408K, 0% used [0x00000000e9980000,0x00000000e9980000,0x00000000eaa80000)
 ParOldGen       total 80384K, used 24865K [0x0000000082200000, 0x0000000087080000, 0x00000000d6100000)
  object space 80384K, 30% used [0x0000000082200000,0x0000000083a487b8,0x0000000087080000)
 Metaspace       used 56173K, capacity 58150K, committed 58368K, reserved 1099776K
  class space    used 7529K, capacity 7921K, committed 7936K, reserved 1048576K
Event: 8.312 GC heap after
Heap after GC invocations=13 (full 2):
 PSYoungGen      total 337408K, used 17384K [0x00000000d6100000, 0x00000000f2b80000, 0x0000000100000000)
  eden space 320000K, 0% used [0x00000000d6100000,0x00000000d6100000,0x00000000e9980000)
  from space 17408K, 99% used [0x00000000e9980000,0x00000000eaa7a280,0x00000000eaa80000)
  to   space 24064K, 0% used [0x00000000f1400000,0x00000000f1400000,0x00000000f2b80000)
 ParOldGen       total 80384K, used 35758K [0x0000000082200000, 0x0000000087080000, 0x00000000d6100000)
  object space 80384K, 44% used [0x0000000082200000,0x00000000844eb930,0x0000000087080000)
 Metaspace       used 56173K, capacity 58150K, committed 58368K, reserved 1099776K
  class space    used 7529K, capacity 7921K, committed 7936K, reserved 1048576K
}
Event: 8.539 GC heap before
{Heap before GC invocations=14 (full 2):
 PSYoungGen      total 337408K, used 78149K [0x00000000d6100000, 0x00000000f2b80000, 0x0000000100000000)
  eden space 320000K, 18% used [0x00000000d6100000,0x00000000d9c57368,0x00000000e9980000)
  from space 17408K, 99% used [0x00000000e9980000,0x00000000eaa7a280,0x00000000eaa80000)
  to   space 24064K, 0% used [0x00000000f1400000,0x00000000f1400000,0x00000000f2b80000)
 ParOldGen       total 80384K, used 35758K [0x0000000082200000, 0x0000000087080000, 0x00000000d6100000)
  object space 80384K, 44% used [0x0000000082200000,0x00000000844eb930,0x0000000087080000)
 Metaspace       used 56992K, capacity 58924K, committed 59008K, reserved 1099776K
  class space    used 7632K, capacity 8026K, committed 8064K, reserved 1048576K
Event: 8.545 GC heap after
Heap after GC invocations=14 (full 2):
 PSYoungGen      total 445440K, used 2520K [0x00000000d6100000, 0x00000000f4180000, 0x0000000100000000)
  eden space 421376K, 0% used [0x00000000d6100000,0x00000000d6100000,0x00000000efc80000)
  from space 24064K, 10% used [0x00000000f1400000,0x00000000f16761d0,0x00000000f2b80000)
  to   space 24064K, 0% used [0x00000000efc80000,0x00000000efc80000,0x00000000f1400000)
 ParOldGen       total 80384K, used 42938K [0x0000000082200000, 0x0000000087080000, 0x00000000d6100000)
  object space 80384K, 53% used [0x0000000082200000,0x0000000084beeac0,0x0000000087080000)
 Metaspace       used 56992K, capacity 58924K, committed 59008K, reserved 1099776K
  class space    used 7632K, capacity 8026K, committed 8064K, reserved 1048576K
}
Event: 8.545 GC heap before
{Heap before GC invocations=15 (full 3):
 PSYoungGen      total 445440K, used 2520K [0x00000000d6100000, 0x00000000f4180000, 0x0000000100000000)
  eden space 421376K, 0% used [0x00000000d6100000,0x00000000d6100000,0x00000000efc80000)
  from space 24064K, 10% used [0x00000000f1400000,0x00000000f16761d0,0x00000000f2b80000)
  to   space 24064K, 0% used [0x00000000efc80000,0x00000000efc80000,0x00000000f1400000)
 ParOldGen       total 80384K, used 42938K [0x0000000082200000, 0x0000000087080000, 0x00000000d6100000)
  object space 80384K, 53% used [0x0000000082200000,0x0000000084beeac0,0x0000000087080000)
 Metaspace       used 56992K, capacity 58924K, committed 59008K, reserved 1099776K
  class space    used 7632K, capacity 8026K, committed 8064K, reserved 1048576K
Event: 8.637 GC heap after
Heap after GC invocations=15 (full 3):
 PSYoungGen      total 445440K, used 0K [0x00000000d6100000, 0x00000000f4180000, 0x0000000100000000)
  eden space 421376K, 0% used [0x00000000d6100000,0x00000000d6100000,0x00000000efc80000)
  from space 24064K, 0% used [0x00000000f1400000,0x00000000f1400000,0x00000000f2b80000)
  to   space 24064K, 0% used [0x00000000efc80000,0x00000000efc80000,0x00000000f1400000)
 ParOldGen       total 109056K, used 35594K [0x0000000082200000, 0x0000000088c80000, 0x00000000d6100000)
  object space 109056K, 32% used [0x0000000082200000,0x00000000844c2910,0x0000000088c80000)
 Metaspace       used 56992K, capacity 58924K, committed 59008K, reserved 1099776K
  class space    used 7632K, capacity 8026K, committed 8064K, reserved 1048576K
}
Event: 10.261 GC heap before
{Heap before GC invocations=16 (full 3):
 PSYoungGen      total 445440K, used 421376K [0x00000000d6100000, 0x00000000f4180000, 0x0000000100000000)
  eden space 421376K, 100% used [0x00000000d6100000,0x00000000efc80000,0x00000000efc80000)
  from space 24064K, 0% used [0x00000000f1400000,0x00000000f1400000,0x00000000f2b80000)
  to   space 24064K, 0% used [0x00000000efc80000,0x00000000efc80000,0x00000000f1400000)
 ParOldGen       total 109056K, used 35594K [0x0000000082200000, 0x0000000088c80000, 0x00000000d6100000)
  object space 109056K, 32% used [0x0000000082200000,0x00000000844c2910,0x0000000088c80000)
 Metaspace       used 64128K, capacity 66988K, committed 67072K, reserved 1107968K
  class space    used 8582K, capacity 9138K, committed 9216K, reserved 1048576K
Event: 10.271 GC heap after
Heap after GC invocations=16 (full 3):
 PSYoungGen      total 445440K, used 15121K [0x00000000d6100000, 0x00000000fa200000, 0x0000000100000000)
  eden space 421376K, 0% used [0x00000000d6100000,0x00000000d6100000,0x00000000efc80000)
  from space 24064K, 62% used [0x00000000efc80000,0x00000000f0b44578,0x00000000f1400000)
  to   space 24576K, 0% used [0x00000000f8a00000,0x00000000f8a00000,0x00000000fa200000)
 ParOldGen       total 109056K, used 35621K [0x0000000082200000, 0x0000000088c80000, 0x00000000d6100000)
  object space 109056K, 32% used [0x0000000082200000,0x00000000844c9560,0x0000000088c80000)
 Metaspace       used 64128K, capacity 66988K, committed 67072K, reserved 1107968K
  class space    used 8582K, capacity 9138K, committed 9216K, reserved 1048576K
}
Event: 11.744 GC heap before
{Heap before GC invocations=17 (full 3):
 PSYoungGen      total 445440K, used 436497K [0x00000000d6100000, 0x00000000fa200000, 0x0000000100000000)
  eden space 421376K, 100% used [0x00000000d6100000,0x00000000efc80000,0x00000000efc80000)
  from space 24064K, 62% used [0x00000000efc80000,0x00000000f0b44578,0x00000000f1400000)
  to   space 24576K, 0% used [0x00000000f8a00000,0x00000000f8a00000,0x00000000fa200000)
 ParOldGen       total 109056K, used 35621K [0x0000000082200000, 0x0000000088c80000, 0x00000000d6100000)
  object space 109056K, 32% used [0x0000000082200000,0x00000000844c9560,0x0000000088c80000)
 Metaspace       used 69334K, capacity 72416K, committed 72704K, reserved 1112064K
  class space    used 9111K, capacity 9694K, committed 9728K, reserved 1048576K
Event: 11.756 GC heap after
Heap after GC invocations=17 (full 3):
 PSYoungGen      total 555008K, used 19391K [0x00000000d6100000, 0x00000000f9e80000, 0x0000000100000000)
  eden space 534016K, 0% used [0x00000000d6100000,0x00000000d6100000,0x00000000f6a80000)
  from space 20992K, 92% used [0x00000000f8a00000,0x00000000f9ceff18,0x00000000f9e80000)
  to   space 26624K, 0% used [0x00000000f6a80000,0x00000000f6a80000,0x00000000f8480000)
 ParOldGen       total 109056K, used 35637K [0x0000000082200000, 0x0000000088c80000, 0x00000000d6100000)
  object space 109056K, 32% used [0x0000000082200000,0x00000000844cd560,0x0000000088c80000)
 Metaspace       used 69334K, capacity 72416K, committed 72704K, reserved 1112064K
  class space    used 9111K, capacity 9694K, committed 9728K, reserved 1048576K
}

